<?xml version="1.0" encoding="utf-8"?><testsuites name="pytest tests"><testsuite name="pytest" errors="0" failures="0" skipped="0" tests="4" time="9.793" timestamp="2026-03-27T09:31:56.658686+00:00" hostname="agent-env-aa713653-d37b-4279-8238-6237aa2b3848"><testcase classname="tests.test_backend.TestHealthEndpoint" name="test_health_check" time="0.292" /><testcase classname="tests.test_backend.TestAIExplainEndpoint" name="test_ai_explain_success_response" time="7.012" /><testcase classname="tests.test_backend.TestAIExplainEndpoint" name="test_ai_explain_error_response" time="2.270" /><testcase classname="tests.test_backend.TestAIExplainEndpoint" name="test_ai_explain_missing_fields" time="0.156" /></testsuite></testsuites>